2025-09-23 12:08:45, MOVE, v:1, k:toalha, mode:PICK
2025-09-23 12:08:46, EXEC, v:1, k:toalha, mode:LOCK, rate:0, size:57
2025-09-23 12:08:49, EXEC, v:1, k:toalha, mode:FREE
2025-09-23 17:04:22, MOVE, v:1, k:toalha, mode:PICK
2025-09-23 17:04:23, EXEC, v:1, k:toalha, mode:LOCK, rate:0, size:59
2025-09-23 17:04:34, EXEC, v:1, k:toalha, mode:FREE
2025-09-23 17:05:35, MOVE, v:1, k:toalha, mode:BACK
2025-09-23 17:05:44, MOVE, v:1, k:enxugar, mode:DOWN
2025-09-23 17:06:54, MOVE, v:1, k:enxugar, mode:PICK
2025-09-23 17:06:55, EXEC, v:1, k:enxugar, mode:FULL, rate:0, size:59
2025-09-23 17:07:51, EXEC, v:1, k:enxugar, mode:FULL, rate:0, size:59
2025-09-23 17:08:29, MOVE, v:1, k:enxugar, mode:BACK
2025-09-23 17:08:32, MOVE, v:1, k:toalha, mode:PICK
2025-09-23 17:08:33, EXEC, v:1, k:toalha, mode:LOCK, rate:0
2025-09-23 17:08:52, EXEC, v:1, k:toalha, mode:LOCK, rate:0, size:59
2025-09-23 17:11:09, EXEC, v:1, k:toalha, mode:FREE
2025-09-23 17:13:04, EXEC, v:1, k:toalha, mode:LOCK, rate:0
2025-09-23 17:13:05, EXEC, v:1, k:toalha, mode:LOCK, rate:0
2025-09-23 17:13:05, EXEC, v:1, k:toalha, mode:LOCK, rate:0
2025-09-23 17:13:06, EXEC, v:1, k:toalha, mode:LOCK, rate:0
2025-09-23 17:13:06, EXEC, v:1, k:toalha, mode:LOCK, rate:0
2025-09-23 17:13:07, EXEC, v:1, k:toalha, mode:LOCK, rate:0
2025-09-23 17:13:07, EXEC, v:1, k:toalha, mode:LOCK, rate:0
2025-09-23 17:13:07, EXEC, v:1, k:toalha, mode:LOCK, rate:0
2025-09-23 17:13:07, EXEC, v:1, k:toalha, mode:LOCK, rate:0
2025-09-23 17:13:07, EXEC, v:1, k:toalha, mode:LOCK, rate:0
2025-09-23 17:13:08, EXEC, v:1, k:toalha, mode:LOCK, rate:0
2025-09-23 17:13:08, EXEC, v:1, k:toalha, mode:LOCK, rate:0
2025-09-23 17:13:08, EXEC, v:1, k:toalha, mode:LOCK, rate:0
2025-09-23 17:13:08, EXEC, v:1, k:toalha, mode:LOCK, rate:0
2025-09-23 17:13:08, EXEC, v:1, k:toalha, mode:LOCK, rate:0
2025-09-23 17:13:09, EXEC, v:1, k:toalha, mode:LOCK, rate:0
2025-09-23 17:13:09, EXEC, v:1, k:toalha, mode:LOCK, rate:0
2025-09-23 17:13:09, EXEC, v:1, k:toalha, mode:LOCK, rate:0
2025-09-23 17:13:09, EXEC, v:1, k:toalha, mode:LOCK, rate:0
2025-09-23 17:13:09, EXEC, v:1, k:toalha, mode:LOCK, rate:0
2025-09-23 17:13:09, EXEC, v:1, k:toalha, mode:LOCK, rate:0
2025-09-23 17:13:09, EXEC, v:1, k:toalha, mode:LOCK, rate:0
2025-09-23 17:13:09, EXEC, v:1, k:toalha, mode:LOCK, rate:0
2025-09-23 17:13:09, EXEC, v:1, k:toalha, mode:LOCK, rate:0
2025-09-23 17:13:09, EXEC, v:1, k:toalha, mode:LOCK, rate:0
2025-09-23 17:13:10, EXEC, v:1, k:toalha, mode:LOCK, rate:0
2025-09-23 17:13:10, EXEC, v:1, k:toalha, mode:LOCK, rate:0
2025-09-23 17:13:10, EXEC, v:1, k:toalha, mode:LOCK, rate:0
2025-09-23 17:13:17, EXEC, v:1, k:toalha, mode:LOCK, rate:0
2025-09-23 17:13:19, MOVE, v:1, k:toalha, mode:BACK
2025-09-23 17:13:22, MOVE, v:1, k:toalha, mode:PICK
2025-09-23 17:13:23, EXEC, v:1, k:toalha, mode:LOCK, rate:0
2025-09-23 17:13:25, EXEC, v:1, k:toalha, mode:FREE
2025-09-23 17:13:48, EXEC, v:1, k:toalha, mode:LOCK, rate:0
2025-09-23 17:13:48, EXEC, v:1, k:toalha, mode:LOCK, rate:0
2025-09-23 17:13:48, EXEC, v:1, k:toalha, mode:LOCK, rate:0
2025-09-23 17:13:49, EXEC, v:1, k:toalha, mode:LOCK, rate:0
2025-09-23 17:23:47, MOVE, v:1, k:toalha, mode:BACK
2025-09-23 17:24:01, MOVE, v:1, k:enxugar, mode:PICK
2025-09-23 17:24:02, EXEC, v:1, k:enxugar, mode:FULL, rate:0, size:60
2025-09-23 17:26:05, EXEC, v:1, k:enxugar, mode:FULL, rate:0, size:58
2025-09-23 17:27:03, EXEC, v:1, k:enxugar, mode:FULL, rate:20, size:58
2025-09-23 17:33:06, EXEC, v:1, k:enxugar, mode:FULL, rate:20, size:64
2025-09-23 17:33:28, EXEC, v:1, k:enxugar, mode:FULL, rate:20, size:64
2025-09-23 17:34:09, EXEC, v:1, k:enxugar, mode:FULL, rate:20
2025-09-23 17:34:25, EXEC, v:1, k:enxugar, mode:FULL, rate:30, size:64
2025-09-23 17:34:50, EXEC, v:1, k:enxugar, mode:FULL, rate:20, size:64
2025-09-23 17:35:17, EXEC, v:1, k:enxugar, mode:FULL, rate:20
2025-09-23 17:35:50, EXEC, v:1, k:enxugar, mode:FULL, rate:30, size:64
2025-09-23 17:36:43, EXEC, v:1, k:enxugar, mode:FULL, rate:0, size:64
2025-09-23 17:36:57, EXEC, v:1, k:enxugar, mode:FULL, rate:30, size:64
2025-09-23 17:40:43, EXEC, v:1, k:enxugar, mode:FULL, rate:0, size:64
